Number of jobs: 8
Length of jobs: 63, 63, 63, 63, 62, 62, 62, 62
 211:     [yes],     yes,  closed, 'Ter',2     XP: [isa(boom,plant)]
 116: [unknown], unknown,    open, 'Ter',32    XP: []
 285: [unknown], unknown,    open, 'Ter',59    XP: []
 228: [unknown], unknown,    open, 'Ter',43    XP: []
 185: [unknown], unknown,    open, 'Ter',71    XP: []
 450: [unknown], unknown,    open, 'Ter',57    XP: []
 253:     [yes],     yes,  closed, 'Ter',27    XP: [int(vreugdevol),der(dans,dansen)]
 105: [unknown], unknown,    open, 'Ter',135   XP: []
 384:     [yes], unknown,    open, 'Ter',66    XP: []
      Een witte en bruingele hond rent door het hoge en groene gras
      Een witte en bruingele hond loopt door een veld
 197: [unknown], unknown,    open, 'Ter',96    XP: []
 225: [unknown], unknown,    open, 'Ter',24    XP: []
 280: [unknown], unknown,    open, 'Ter',37    XP: []
 402: [unknown], unknown,    open, 'Ter',49    XP: []
 630:      [no],      no,  closed, 'Ter',9     XP: []
 382: [unknown], unknown,    open, 'Ter',64    XP: []
 592:      [no], unknown,    open, 'Ter',116   XP: []
      Een vrouw doet een mantel af, die erg groot is, en onthult een extravagante jurk
      Een vrouw trekt een mantel aan, die erg groot is, en verbergt een extravagante jurk
  24: [unknown], unknown,    open, 'Ter',130   XP: []
 718: [unknown], unknown,    open, 'Ter',33    XP: []
 530: [unknown], unknown,    open, 'Ter',68    XP: []
 417: [unknown], unknown,    open, 'Ter',74    XP: []
 219:      [no],      no,  closed, 'Ter',7     XP: []
 717:      [no], unknown,    open, 'Ter',25    XP: []
      Een paar mannen in een wedstrijd rennen naar buiten
      Een paar mannen in een wedstrijd rennen binnenshuis
 780: [unknown], unknown,    open, 'Ter',95    XP: []
 913:      [no],      no,  closed, 'Ter',10    XP: []
 980: [unknown], unknown,      NA, 'Defected'  XP: []
1137: [unknown], unknown,    open, 'Ter',46    XP: []
 647: [unknown], unknown,    open, 'Ter',55    XP: []
1237: [unknown], unknown,      NA, 'Defected'  XP: []
 933: [unknown], unknown,    open, 'Ter',68    XP: []
1410: [unknown], unknown,    open, 'Ter',30    XP: []
1178:      [no],      no,  closed, 'Ter',7     XP: []
1503:      [no],      no,  closed, 'Ter',6     XP: []
1302: [unknown], unknown,    open, 'Ter',26    XP: []
1703:     [yes],     yes,  closed, 'Ter',8     XP: []
Inconsistency in node types (entail/8)
1469:      [no], unknown,      NA, 'Defected'  XP: _506658
      Drie jonge mannen rennen, springen en trappen in de buurt van een automaat
      Er is geen man die rent, springt en schopt in de buurt van een verkoopautomaat
 651: [unknown], unknown,    open, 'Ter',198   XP: []
1170: [unknown], unknown,    open, 'Ter',86    XP: []
1584:     [yes], unknown,    open, 'Ter',46    XP: []
      Er wordt een gat gegraven door de das
      Een das graaft slim in de aarde
 860:     [yes], unknown,    open, 'Ter',38    XP: []
      Eén witte hond en één zwarte rennen zij aan zij op het gras
      Een hond, die een zwarte vacht heeft, en een witte hond rennen op het gras
1241: [unknown], unknown,    open, 'Ter',62    XP: []
1807: [unknown], unknown,    open, 'Ter',36    XP: []
 816:     [yes], unknown,    open, 'Ter',120   XP: []
      Een groep mensen is uitgerust met beschermende kleding
      Een groep mensen is uitgerust met uitrusting die wordt gebruikt ter bescherming
1412:     [yes], unknown,    open, 'Ter',37    XP: []
      Mannen zijn houtblokken aan het zagen
      Mannen zijn hout aan het snijden
2001:     [yes], unknown,    open, 'Ter',36    XP: []
      Het paard wordt bereden door een man
      Een man rijdt op het paard
2221: [unknown], unknown,    open, 'Ter',32    XP: []
1506: [unknown], unknown,    open, 'Ter',32    XP: []
1711: [unknown], unknown,    open, 'Ter',49    XP: []
2385: [unknown], unknown,    open, 'Ter',69    XP: []
1881:     [yes],     yes,  closed, 'Ter',15    XP: [isa(opeten,eten),isa(op@c1@voedsel,voedsel)]
 119: [unknown], unknown,    open, 'Ter',338   XP: []
2485: [unknown], unknown,    open, 'Ter',26    XP: []
Inconsistency in node types (entail/8)
 236: [unknown], unknown,      NA, 'Defected'  XP: _2442632
2606: [unknown], unknown,    open, 'Ter',33    XP: []
Inconsistency in node types (entail/8)
2720: [unknown], unknown,      NA, 'Defected'  XP: _1668104
 988: [unknown], unknown,    open, 'Ter',173   XP: []
1877: [unknown], unknown,    open, 'Ter',141   XP: []
 987:      [no],      no,  closed, 'Ter',29    XP: []
2130: [unknown], unknown,    open, 'Ter',39    XP: []
1192:     [yes], unknown,    open, 'Ter',42    XP: []
      Een man en een vrouw lopen samen door het bos
      Een man en een vrouw lopen door een bosrijke omgeving
1190:     [yes], unknown,      NA, 'Defected'  XP: []
      Een man en een vrouw wandelen door een bosrijke omgeving
      Een man en een vrouw lopen samen door het bos
1333:     [yes],     yes,  closed, 'Ter',28    XP: [int(ander)]
Error in gen_quant_tt
Error in gen_quant_tt
2795:     [yes], unknown,    open, 'Ter',56    XP: []
      Een kleine cavia knaagt en eet een stuk wortel op de grond
      Een cavia verslindt een wortel
1390: [unknown], unknown,    open, 'Ter',47    XP: []
1470: [unknown], unknown,      NA, 'Defected'  XP: []
Inconsistency in node types (entail/8)
1608:      [no], unknown,      NA, 'Defected'  XP: _2178826
      Een slang wordt door een man een muis gevoed
      Geen enkele slang wordt door een man een muis gevoed
 394: [unknown], unknown,    open, 'Ter',94    XP: []
1487:      [no],      no,  closed, 'Ter',14    XP: [isa(voor@the@kip@saus,saus)]
2362: [unknown], unknown,    open, 'Ter',52    XP: []
2932: [unknown], unknown,    open, 'Ter',46    XP: []
1811: [unknown], unknown,    open, 'Ter',43    XP: []
3036:      [no],      no,  closed, 'Ter',2     XP: []
3222:      [no],      no,  closed, 'Ter',7     XP: []
3364:     [yes],     yes,  closed, 'Ter',1     XP: []
3501:     [yes],     yes,  closed, 'Ter',1     XP: []
2157: [unknown], unknown,    open, 'Ter',96    XP: []
1628: [unknown], unknown,    open, 'Ter',90    XP: []
3657:     [yes], unknown,    open, 'Ter',55    XP: []
      Een jongen vult een kruik met water
      Een kruik wordt gevuld met water door een jongen
3790:     [yes],     yes,  closed, 'Ter',1     XP: []
2410: [unknown], unknown,    open, 'Ter',74    XP: []
2364:     [yes], unknown,    open, 'Ter',58    XP: []
      Sommige camera's worden verbrand door een persoon met een gasbrander
      De persoon steekt de camera's in brand
2557:     [yes],     yes,  closed, 'Ter',4     XP: [isa(tokkelen,bespelen)]
2430:     [yes], unknown,    open, 'Ter',24    XP: []
      Eén man loopt de weg af
      Een man is aan het rennen
2566:     [yes],     yes,  closed, 'Ter',5     XP: []
2019: [unknown], unknown,    open, 'Ter',113   XP: []
3910: [unknown], unknown,    open, 'Ter',107   XP: []
4015:     [yes],     yes,  closed, 'Ter',1     XP: [isa(dame,vrouw),isa(vrouw,dame)]
2704:     [yes], unknown,    open, 'Ter',77    XP: []
      Noedels worden door een vrouw in water gekookt
      Een vrouw kookt noedels in water
4114:      [no], unknown,    open, 'Ter',34    XP: []
      Er is geen man die voedsel eet
      Een man eet een pizza
4196: [unknown], unknown,    open, 'Ter',6     XP: []
2772:     [yes], unknown,    open, 'Ter',31    XP: []
      Iemand giet olie om te koken in een pot
      Iemand giet bakolie in een pot
4429: [unknown], unknown,    open, 'Ter',18    XP: []
2898:     [yes], unknown,    open, 'Ter',38    XP: []
      De man tilt halters op
      De man tilt gewichten op
4707: [unknown],     yes,  closed, 'Ter',1     XP: [isa(jongen,man),isa(man,jongen)]
      Een groep mannen voetbalt op het strand
      Een groep jongens voetbalt op het strand
2996: [unknown], unknown,    open, 'Ter',35    XP: []
 619: [unknown], unknown,    open, 'Ter',116   XP: []
4823: [unknown], unknown,    open, 'Ter',33    XP: []
3174: [unknown], unknown,    open, 'Ter',27    XP: []
4934: [unknown], unknown,    open, 'Ter',25    XP: []
2229: [unknown], unknown,    open, 'Ter',112   XP: []
2392:      [no],      no,  closed, 'Ter',2     XP: []
5052: [unknown], unknown,    open, 'Ter',29    XP: []
2525: [unknown], unknown,    open, 'Ter',28    XP: []
5310:      [no], unknown,    open, 'Ter',34    XP: []
      Er is geen meisje dat fluit speelt
      Een meisje speelt fluit
3322: [unknown], unknown,    open, 'Ter',68    XP: []
5588:     [yes],     yes,  closed, 'Ter',6     XP: []
3459: [unknown],     yes,  closed, 'Ter',17    XP: [isa(boomstam,houtblok),isa(houtblok,boomstam)]
      De man is een boomstam aan het hakken met een bijl
      Een man hakt een houtblok met een bijl
 765: [unknown], unknown,    open, 'Ter',71    XP: []
3625:      [no],      no,  closed, 'Ter',56    XP: [isa(leggen,doen)]
3733:     [yes], unknown,    open, 'Ter',30    XP: []
      Zwemmers racen in een meer
      Sommige racers zwemmen in een meer
3897:      [no], unknown,    open, 'Ter',10    XP: []
      Er is geen man aan het sporten
      Een man oefent
4006:     [yes],     yes,  closed, 'Ter',5     XP: [isa(klimmen_op,beklimmen)]
4079:     [yes],     yes,  closed, 'Ter',1     XP: []
2662: [unknown], unknown,    open, 'Ter',280   XP: []
Inconsistency in node types (entail/8)
2721: [unknown], unknown,      NA, 'Defected'  XP: _1415682
2812: [unknown], unknown,    open, 'Ter',8     XP: []
4187:      [no], unknown,    open, 'Ter',40    XP: []
      Er is geen hond die met een stuk speelgoed speelt
      Een hond eet een pop op
2936: [unknown], unknown,    open, 'Ter',61    XP: []
 947:     [yes], unknown,    open, 'Ter',321   XP: []
      Sommige corndogs worden opgegeten door twee peuters die in een wagon zitten, die echt klein is
      Twee peuters eten corndogs in een wagon, die echt klein is
1177: [unknown], unknown,    open, 'Ter',26    XP: []
4376: [unknown], unknown,    open, 'Ter',78    XP: []
1266:     [yes],     yes,  closed, 'Ter',1     XP: []
   4:      [no], unknown,    open, 'Lim',800   XP: []
      De jonge jongens spelen buiten en de man lacht in de buurt
      Er is geen jongen die buiten speelt en er is geen man die lacht
1443: [unknown], unknown,    open, 'Ter',20    XP: []
1839:     [yes],     yes,  closed, 'Ter',13    XP: []
1525: [unknown], unknown,    open, 'Ter',22    XP: []
 218:     [yes], unknown,    open, 'Ter',28    XP: []
      Een meisje in het wit danst
      Een meisje draagt witte kleren en danst
2058:     [yes], unknown,    open, 'Ter',35    XP: []
      Een dame is precies wat vlees aan het snijden
      Er wordt wat vlees in stukken gesneden door een vrouw
1754:     [yes],     yes,  closed, 'Ter',19    XP: [int(mooi)]
1964:     [yes],     yes,  closed, 'Ter',1     XP: []
2231: [unknown], unknown,    open, 'Ter',58    XP: []
2402: [unknown], unknown,    open, 'Ter',22    XP: []
2166:     [yes], unknown,    open, 'Ter',41    XP: []
      Een vrouw naait met een machine
      Een vrouw gebruikt een machine die gemaakt is voor het naaien
2527: [unknown], unknown,    open, 'Ter',19    XP: []
2668: [unknown], unknown,    open, 'Ter',31    XP: []
2722:     [yes],     yes,  closed, 'Ter',4     XP: []
2366: [unknown], unknown,    open, 'Ter',57    XP: []
5904: [unknown], unknown,    open, 'Ter',310   XP: []
2476:     [yes], unknown,    open, 'Ter',14    XP: []
      Sommige mensen zingen
      Een groep mensen zingt
2604:     [yes],     yes,  closed, 'Ter',8     XP: []
2822: [unknown], unknown,    open, 'Ter',59    XP: []
2712:      [no],      no,  closed, 'Ter',7     XP: []
6001: [unknown], unknown,    open, 'Ter',56    XP: []
2965: [unknown], unknown,    open, 'Ter',47    XP: []
3107: [unknown], unknown,    open, 'Ter',55    XP: []
2791:     [yes], unknown,    open, 'Ter',101   XP: []
      Een cavia, die klein is, knaagt en eet een stuk wortel op de vloer
      Een kleine cavia knaagt en eet een stuk wortel op de grond
3258:      [no],      no,  closed, 'Ter',14    XP: [isa(man,persoon)]
4650:      [no],      no,  closed, 'Ter',65    XP: [int(dik),isa(snijden_door,doorsnijden)]
3384:     [yes],     yes,  closed, 'Ter',7     XP: []
3518: [unknown], unknown,    open, 'Ter',7     XP: []
2911:      [no],      no,  closed, 'Ter',22    XP: [isa(doen_op,opdoen)]
6153: [unknown], unknown,    open, 'Ter',105   XP: []
3670:     [yes], unknown,    open, 'Ter',30    XP: []
      Het regent op een wandelende man
      Een man loopt in de regen
4814: [unknown], unknown,    open, 'Ter',47    XP: []
6287:     [yes],     yes,  closed, 'Ter',2     XP: []
3855: [unknown], unknown,    open, 'Ter',15    XP: []
3002: [unknown], unknown,    open, 'Ter',32    XP: []
4891: [unknown], unknown,    open, 'Ter',33    XP: []
3181: [unknown],      no,  closed, 'Ter',2     XP: []
      Een man is aan het wandelen in het bos
      De man is niet aan het wandelen in het bos
5047: [unknown], unknown,    open, 'Ter',24    XP: []
3338:      [no],      no,  closed, 'Ter',7     XP: []
3941:      [no], unknown,    open, 'Ter',71    XP: []
      Een jongen kijkt naar een kalender
      Er is geen jongen die een kalender controleert
4054:     [yes],     yes,  closed, 'Ter',2     XP: []
4140: [unknown], unknown,    open, 'Ter',11    XP: []
6482: [unknown], unknown,    open, 'Ter',52    XP: []
 304: [unknown], unknown,    open, 'Ter',277   XP: []
4321:      [no],      no,  closed, 'Ter',7     XP: []
5203:     [yes], unknown,    open, 'Ter',85    XP: []
      De vrouw doet de pasta in een gerecht
      Pasta wordt door een vrouw in een gerecht gestopt
4505:     [yes], unknown,    open, 'Ter',24    XP: []
      De artsen genezen een man
      De dokter helpt de patiënt
6649:     [yes], unknown,    open, 'Ter',55    XP: []
      Twee tienermeisjes dragen mooie jurken op een evenement
      Twee meisjes in hun tienerjaren dragen mooie jurken op een evenement
5498:     [yes],     yes,  closed, 'Ter',2     XP: [isa(citroen,fruit)]
5799:     [yes],     yes,  closed, 'Ter',6     XP: []
3061:      [no], unknown,    open, 'Lim',605   XP: []
      Een vrouw rijdt in een auto en praat met de man die naast haar zit
      Er is geen vrouw die een auto rijdt en praat tegen de man die naast haar zit
 520: [unknown], unknown,    open, 'Ter',81    XP: []
5938:     [yes], unknown,    open, 'Ter',99    XP: []
      Groenten worden door een man in een pot gedaan
      Iemand giet ingrediënten in een pot
 687: [unknown], unknown,    open, 'Ter',68    XP: []
 873: [unknown], unknown,    open, 'Ter',13    XP: []
1039: [unknown], unknown,    open, 'Ter',17    XP: []
1232: [unknown], unknown,    open, 'Ter',51    XP: []
1396: [unknown], unknown,    open, 'Ter',5     XP: []
1493:     [yes],     yes,  closed, 'Ter',10    XP: [int(elektrisch)]
3485: [unknown], unknown,    open, 'Ter',212   XP: []
1676: [unknown], unknown,    open, 'Ter',36    XP: []
3626:     [yes], unknown,    open, 'Ter',47    XP: []
      Iemand laat het vlees in een pan vallen
      Het vlees wordt in een pan gedaan
3747: [unknown], unknown,    open, 'Ter',29    XP: []
1847: [unknown], unknown,    open, 'Ter',42    XP: []
2089:      [no], unknown,    open, 'Ter',33    XP: []
      De man wijst een interview af
      De man geeft een interview
2284:     [yes],     yes,  closed, 'Ter',6     XP: []
2404:      [no],      no,  closed, 'Ter',29    XP: [isa(dame,persoon)]
2535: [unknown], unknown,    open, 'Ter',60    XP: []
6131: [unknown], unknown,    open, 'Ter',204   XP: []
2678:     [yes],     yes,  closed, 'Ter',13    XP: [isa(in@c1@auto,auto)]
6231: [unknown], unknown,    open, 'Ter',29    XP: []
6784:      [no], unknown,    open, 'Lim',402   XP: []
      Er is geen man in het zwart gekleed met een uitgebreid zwart masker
      Een man gekleed in het zwart draagt een uitgebreid zwart masker
7002: [unknown], unknown,    open, 'Ter',18    XP: []
7093:     [yes],     yes,  closed, 'Ter',1     XP: []
7394: [unknown], unknown,    open, 'Ter',78    XP: []
6396: [unknown], unknown,    open, 'Ter',114   XP: []
 317: [unknown], unknown,    open, 'Lim',800   XP: []
4755: [unknown], unknown,    open, 'Ter',435   XP: []
4843:      [no],      no,  closed, 'Ter',83    XP: [isa(met@a@mes@doos,doos)]
4966:      [no],      no,  closed, 'Ter',7     XP: []
2726: [unknown], unknown,    open, 'Lim',444   XP: []
5110:     [yes], unknown,    open, 'Ter',11    XP: []
      Een chef-kok bereidt wat eten
      Een chef bereidt een maaltijd
2829:     [yes],     yes,  closed, 'Ter',1     XP: [isa(dame,vrouw),isa(vrouw,dame)]
5352:      [no],      no,  closed, 'Ter',19    XP: [int(groot)]
2967:     [yes], unknown,    open, 'Ter',80    XP: []
      Een grote groene bal raakt een aardappel
      Een grote groen gekleurde bal raakt een aardappel
5698: [unknown], unknown,    open, 'Ter',42    XP: []
3122:     [yes], unknown,    open, 'Ter',114   XP: []
      Een vrouw gebruikt een potlood voor de ogen en brengt eyeliner aan op haar ooglid
      Een vrouw past cosmetica toe op haar ooglid
3275:     [yes], unknown,    open, 'Ter',49    XP: []
      Een kind loopt in en uit de golven van de oceaan
      Een kind loopt in en uit de oceaangolven
3398: [unknown], unknown,    open, 'Ter',33    XP: []
3536:     [yes],     yes,  closed, 'Ter',10    XP: []
3680:      [no], unknown,      NA, 'Defected'  XP: []
      Racers rennen een baan af
      Er zijn geen racers een circuit aflopen
6625: [unknown], unknown,    open, 'Ter',437   XP: []
3909:     [yes],     yes,  closed, 'Ter',11    XP: [isa(spelen,bespelen)]
4011:     [yes],     yes,  closed, 'Ter',5     XP: [isa(klimmen_op,beklimmen)]
4086:      [no], unknown,    open, 'Ter',35    XP: []
      Er is geen man die een tekening maakt
      Een man tekent een foto
3861: [unknown], unknown,    open, 'Ter',79    XP: []
3982: [unknown], unknown,    open, 'Ter',25    XP: []
4191: [unknown], unknown,    open, 'Ter',35    XP: []
4060: [unknown], unknown,    open, 'Ter',36    XP: []
 526: [unknown], unknown,    open, 'Ter',227   XP: []
4155:      [no],      no,  closed, 'Ter',7     XP: []
4330:      [no],      no,  closed, 'Ter',7     XP: []
4520:      [no],      no,  closed, 'Ter',7     XP: []
4767:      [no],      no,  closed, 'Ter',7     XP: []
4851:     [yes], unknown,    open, 'Ter',23    XP: []
      Sommige instrumenten worden bespeeld door een band
      Een band speelt op enkele instrumenten
4983:     [yes], unknown,    open, 'Ter',36    XP: []
      Een vrouw rijdt op een paard
      Een paard wordt bereden door een vrouw
5113:     [yes],     yes,  closed, 'Ter',5     XP: []
5374:     [yes],     yes,  closed, 'Ter',9     XP: []
5706: [unknown], unknown,    open, 'Ter',35    XP: []
 698: [unknown], unknown,    open, 'Ter',119   XP: []
5920: [unknown], unknown,    open, 'Ter',35    XP: []
 882: [unknown], unknown,    open, 'Ter',41    XP: []
1102: [unknown], unknown,    open, 'Ter',34    XP: []
1236:      [no], unknown,    open, 'Ter',25    XP: []
      Een vrouw danst en zingt alleen
      Een vrouw danst en zingt met andere vrouwen
1400: [unknown], unknown,    open, 'Ter',6     XP: []
1495:     [yes], unknown,    open, 'Ter',42    XP: []
      Een man speelt op een gitaar
      Een man tokkelt op een gitaar
6047:     [yes], unknown,      NA, 'Defected'  XP: []
      Een man en een vrouw zijn in een beige geschilderde kamer, met donkergekleurde shirts en er staat een monitor op de achtergrond
      Een man en een vrouw zitten in een beige kamer, dragen donkergekleurde shirts en er staat een monitor op de achtergrond
4411: [unknown], unknown,    open, 'Ter',279   XP: []
4661:     [yes],     yes,  closed, 'Ter',10    XP: []
4816:      [no],      no,  closed, 'Ter',7     XP: []
4916:     [yes],     yes,  closed, 'Ter',25    XP: [isa(gitaar,muziekinstrument),isa(spelen,bespelen)]
5051:      [no],      no,  closed, 'Ter',7     XP: []
5206: [unknown], unknown,    open, 'Ter',52    XP: []
5540: [unknown], unknown,    open, 'Ter',26    XP: []
5806:     [yes], unknown,    open, 'Ter',23    XP: []
      Een man roeit een kano
      Een man roeit een boot
5955: [unknown], unknown,    open, 'Ter',87    XP: []
6756:     [yes], unknown,    open, 'Lim',443   XP: []
      Een grote bruine hond en een kleine grijze hond staan op een rotsachtige ondergrond
      Een forse bruine hond en een kleine grijze hond staan op een rotsachtige ondergrond
6961: [unknown], unknown,    open, 'Ter',77    XP: []
5914:     [yes], unknown,    open, 'Lim',418   XP: []
      Een paard wordt bereden door een persoon
      Iemand rijdt op een paard
6042: [unknown], unknown,    open, 'Ter',87    XP: []
6213: [unknown], unknown,    open, 'Lim',492   XP: []
6344: [unknown], unknown,      NA, 'Defected'  XP: []
6590: [unknown], unknown,    open, 'Ter',29    XP: []
6146:      [no],      no,  closed, 'Ter',39    XP: [isa(mens,persoon),isa(persoon,mens)]
6280:     [yes],     yes,  closed, 'Ter',5     XP: []
6709: [unknown], unknown,    open, 'Ter',113   XP: []
6450: [unknown], unknown,    open, 'Ter',50    XP: []
1690:     [yes],     yes,  closed, 'Ter',6     XP: []
1861: [unknown], unknown,    open, 'Ter',63    XP: []
2096: [unknown], unknown,    open, 'Ter',42    XP: []
2286:     [yes],     yes,  closed, 'Ter',2     XP: []
2405:     [yes],     yes,  closed, 'Ter',16    XP: [isa(dame,persoon)]
2544: [unknown], unknown,    open, 'Ter',81    XP: []
2679: [unknown], unknown,    open, 'Ter',46    XP: []
2738: [unknown], unknown,    open, 'Ter',62    XP: []
2842: [unknown], unknown,    open, 'Ter',97    XP: []
2968: [unknown], unknown,    open, 'Ter',42    XP: []
3123:      [no], unknown,    open, 'Ter',114   XP: []
      Er is geen vrouw die een oogpotlood gebruikt en eyeliner op haar ooglid aanbrengt
      Een vrouw past cosmetica toe op haar ooglid
3291: [unknown], unknown,    open, 'Ter',32    XP: []
3420: [unknown], unknown,    open, 'Ter',26    XP: []
3586:     [yes], unknown,    open, 'Ter',37    XP: []
      Een man speelt op de trommel
      Een man oefent op de trommel
3711:      [no], unknown,    open, 'Ter',25    XP: []
      Een speelgoedtrein slaat een speelgoedwagen
      Een speelgoedtrein mist een speelgoedwagen
6203: [unknown], unknown,    open, 'Lim',555   XP: []
6634:     [yes], unknown,    open, 'Lim',440   XP: []
      Een hindernis wordt genomen door een paard dat een ruiter op de rug heeft
      Een paard en zijn ruiter springen over een hindernis
3862: [unknown], unknown,    open, 'Ter',64    XP: []
3996: [unknown], unknown,    open, 'Ter',24    XP: []
4066:     [yes],     yes,  closed, 'Ter',7     XP: [isa(slingeren,gooien)]
4157:      [no],      no,  closed, 'Ter',7     XP: []
4342:     [yes],     yes,  closed, 'Ter',2     XP: [isa(banaan,vrucht)]
4614:      [no], unknown,    open, 'Ter',36    XP: []
      Er is geen man die een auto bestuurt
      Een man rijdt in een auto
4776:      [no],      no,  closed, 'Ter',7     XP: []
4852:      [no], unknown,    open, 'Ter',5     XP: []
      Een band bespeelt sommige instrumenten niet
      Een band speelt op enkele instrumenten
5003:     [yes],     yes,  closed, 'Ter',15    XP: [int(groot),int(plastic),isa(met@c2@(plastic@lade),plastic@lade)]
5119: [unknown], unknown,    open, 'Ter',23    XP: []
5454:      [no],      no,  closed, 'Ter',9     XP: []
5745: [unknown], unknown,    open, 'Ter',30    XP: []
5924:      [no],      no,  closed, 'Ter',9     XP: []
6330: [unknown], unknown,    open, 'Ter',228   XP: []
6078: [unknown], unknown,    open, 'Ter',86    XP: []
3250:     [yes], unknown,    open, 'Lim',423   XP: []
      Een vrouw plaatst twee eieren in een pot met water
      Een vrouw doet twee eieren in een pot met water
3373:     [yes], unknown,    open, 'Ter',35    XP: []
      Een vrouw rijdt op een waterscooter
      Een vrouw rijdt op een scooter voor water
6568: [unknown], unknown,    open, 'Ter',93    XP: []
6219:     [yes],     yes,  closed, 'Ter',20    XP: [isa(staan,zitten),isa(in@c2@zonsondergang,zonsondergang),isa(van@c1@buurt,buurt)]
3505: [unknown], unknown,    open, 'Ter',47    XP: []
3661: [unknown], unknown,    open, 'Ter',50    XP: []
3812:     [yes],     yes,  closed, 'Ter',5     XP: []
3922:      [no],      no,  closed, 'Ter',4     XP: []
2687:      [no],      no,  closed, 'Ter',9     XP: []
2766: [unknown], unknown,    open, 'Ter',14    XP: []
7064:     [yes], unknown,    open, 'Lim',442   XP: []
      Een truc wordt uitgevoerd door een rolschaatser op een helling
      Een rolschaatser voert een truc uit op een helling
2886:      [no],      no,  closed, 'Ter',9     XP: []
2972:      [no], unknown,    open, 'Ter',42    XP: []
      Een grote groene bal raakt een aardappel
      Een grote groene bal mist een aardappel
7363: [unknown], unknown,    open, 'Ter',38    XP: []
3143: [unknown], unknown,    open, 'Ter',30    XP: []
6705:     [yes], unknown,    open, 'Ter',159   XP: []
      Een kind, dat klein is, klimt buiten op trappen in een gebied vol met gras
      Een klein kind is buiten op de trap aan het klimmen in een grasveld
3292: [unknown], unknown,    open, 'Ter',9     XP: []
3433:     [yes], unknown,      NA, 'Defected'  XP: []
      Een dienblad wordt door een persoon ingeboterd
      Een persoon botert een schaal in
3598:     [yes], unknown,    open, 'Ter',23    XP: []
      Eén man doet vloeroefeningen
      Een man doet oefeningen
3721:     [yes],     yes,  closed, 'Ter',9     XP: []
6764: [unknown], unknown,    open, 'Lim',426   XP: []
3880:     [yes], unknown,    open, 'Ter',78    XP: []
      Een man danst op het plafond van een kamer
      De man danst ondersteboven op het plafond
4001:     [yes],     yes,  closed, 'Ter',2     XP: []
4067: [unknown], unknown,    open, 'Ter',59    XP: []
4164: [unknown], unknown,    open, 'Ter',42    XP: []
4031: [unknown], unknown,    open, 'Ter',274   XP: []
4360:     [yes],     yes,  closed, 'Ter',1     XP: [isa(brief,papier),isa(papier,brief)]
4638: [unknown], unknown,    open, 'Ter',29    XP: []
4135:     [yes],     yes,  closed, 'Ter',5     XP: [isa(stuiteren,springen)]
4803:      [no],      no,  closed, 'Ter',7     XP: []
6866: [unknown], unknown,    open, 'Ter',131   XP: []
4866: [unknown], unknown,    open, 'Ter',10    XP: []
5030:     [yes],     yes,  closed, 'Ter',1     XP: [isa(praten,spreken),isa(spreken,praten)]
Inconsistency in node types (entail/8)
5148: [unknown], unknown,      NA, 'Defected'  XP: _2240
5461: [unknown], unknown,    open, 'Ter',33    XP: []
5747: [unknown], unknown,    open, 'Ter',32    XP: []
5930: [unknown], unknown,    open, 'Ter',25    XP: []
6119: [unknown], unknown,    open, 'Ter',86    XP: []
6228: [unknown], unknown,      NA, 'Defected'  XP: []
6394: [unknown], unknown,    open, 'Ter',37    XP: []
6971:      [no], unknown,    open, 'Lim',446   XP: []
      Er is geen man in een rood uniform die een sprong maakt in een crossmotorwedstrijd
      Een man in een rood uniform maakt een sprong in een crossmotorrace
7088: [unknown], unknown,    open, 'Ter',48    XP: []
7374: [unknown],     yes,  closed, 'Ter',24    XP: [int(erachter),isa(bergtop,top),isa(man,persoon),isa(top,bergtop),isa(met@c2@rots,rots),isa(van@c3@top,top)]
      Een man staat op de top van de rotsen met wolken erachter
      Iemand staat op een bergtop
6598: [unknown], unknown,    open, 'Ter',141   XP: []
7018:     [yes], unknown,    open, 'Ter',193   XP: []
      Een kind in kleding die lichtgekleurd is staat met de armen naar buiten gestrekt
      Een kind in lichtgekleurde kleding staat met uitgestrekte armen
6740: [unknown], unknown,    open, 'Ter',63    XP: []
6912: [unknown], unknown,    open, 'Lim',525   XP: []
7027: [unknown], unknown,    open, 'Ter',38    XP: []
7311:     [yes], unknown,    open, 'Ter',59    XP: []
      Een sigaret wordt gerookt door de man met de strohoed
      Een man draagt een strohoed en rookt een sigaret
7475: [unknown], unknown,    open, 'Ter',98    XP: []
7582:     [yes],     yes,  closed, 'Ter',16    XP: [int(man),isa(vol@c2@veld,veld)]
7448: [unknown], unknown,    open, 'Ter',89    XP: []
4288:     [yes], unknown,    open, 'Lim',439   XP: []
      De vrouw snijdt gekookte octopus in schijfjes
      Een vrouw hakt een octopus in stukken
4477: [unknown], unknown,    open, 'Ter',26    XP: []
4734:     [yes], unknown,    open, 'Ter',101   XP: []
      Een man zet een geluiddemper op een pistool
      Een man brengt een geluiddemper aan op een pistool
6955: [unknown], unknown,    open, 'Ter',230   XP: []
7734: [unknown], unknown,    open, 'Ter',146   XP: []
4831:      [no], unknown,    open, 'Ter',107   XP: []
      Een man snijdt een aardappel door in stukken
      Een man snijdt geen aardappel
4963:     [yes],     yes,  closed, 'Ter',8     XP: []
7937: [unknown], unknown,    open, 'Ter',88    XP: []
5082: [unknown], unknown,    open, 'Ter',72    XP: []
5349:     [yes], unknown,    open, 'Ter',38    XP: []
      Een grote fluit wordt bespeeld door een man
      Een man speelt op een fluit
5657: [unknown], unknown,    open, 'Ter',32    XP: []
8138:     [yes], unknown,      NA, 'Defected'  XP: []
      Het meisje heeft rood haar en wenkbrauwen, verschillende piercings in een oor en een tekening op de rug
      Het meisje heeft rood haar en wenkbrauwen, meerdere piercings in een oor en een tatoeage op de rug
5909: [unknown], unknown,    open, 'Ter',38    XP: []
8326:      [no], unknown,    open, 'Ter',60    XP: []
      Er is geen bmx biker die over zandhellingen springt voor een waterlichaam
      Twee bmx motorrijders springen zandhellingen voor een waterlichaam
7477:     [yes], unknown,    open, 'Lim',680   XP: []
      Een man in een wit hemd en een zonnebril en een man in een zwart hemd en een zonnebril zitten aan een tafel met vier flesjes bier
      Een man in een wit hemd en een zonnebril en een man in een zwart hemd en een zonnebril zitten aan een tafel met vier bierflesjes
8471:     [yes],     yes,  closed, 'Ter',23    XP: [int(met@(a@(grijs@haar))),int(oud)]
8658: [unknown], unknown,    open, 'Ter',33    XP: []
8806:     [yes],     yes,  closed, 'Ter',2     XP: [isa(hond,dier)]
6358:      [no],      no,  closed, 'Ter',39    XP: [int(baksteen)]
9029: [unknown], unknown,    open, 'Ter',59    XP: []
6592: [unknown], unknown,    open, 'Ter',25    XP: []
9136:     [yes], unknown,    open, 'Ter',61    XP: []
      Een man in een zwarte trui staat in een sportschool
      Een man staat in een sportschool en draagt een trui
6729: [unknown], unknown,    open, 'Ter',56    XP: []
7471:     [yes], unknown,    open, 'Lim',437   XP: []
      Een man en twee vrouwen in een donkere kamer zitten aan een tafel met kaarsen
      De groep mensen zit in een slecht verlichte kamer
6932:     [yes], unknown,    open, 'Ter',41    XP: []
      De snowboarder doet een salto over een berg sneeuw
      Iemand springt in de lucht op een board
7548:     [yes],     yes,  closed, 'Ter',1     XP: []
9287: [unknown], unknown,    open, 'Ter',56    XP: []
7043: [unknown], unknown,    open, 'Ter',36    XP: []
7726: [unknown], unknown,    open, 'Ter',251   XP: []
7932: [unknown], unknown,    open, 'Ter',62    XP: []
8122: [unknown], unknown,    open, 'Ter',40    XP: []
7541: [unknown], unknown,    open, 'Ter',387   XP: []
6005: [unknown], unknown,    open, 'Lim',464   XP: []
7677:     [yes], unknown,    open, 'Ter',77    XP: []
      Een jonge moeder speelt met haar jongen in het park
      Een jongen speelt in het park met zijn moeder
8313: [unknown], unknown,    open, 'Ter',87    XP: []
7820: [unknown], unknown,    open, 'Ter',55    XP: []
6158: [unknown], unknown,    open, 'Ter',73    XP: []
8461: [unknown], unknown,    open, 'Ter',60    XP: []
7951: [unknown], unknown,    open, 'Ter',55    XP: []
8212: [unknown], unknown,    open, 'Ter',89    XP: []
7228: [unknown], unknown,    open, 'Lim',716   XP: []
7445:     [yes], unknown,    open, 'Ter',53    XP: []
      Het kleine meisje schommelt en de vrouw staat achter haar
      Het meisje, dat klein is, schommelt en de vrouw staat achter
7044: [unknown], unknown,    open, 'Lim',402   XP: []
9424: [unknown], unknown,    open, 'Lim',459   XP: []
7356: [unknown], unknown,    open, 'Ter',49    XP: []
9571:     [yes],     yes,  closed, 'Ter',4     XP: []
7466:     [yes], unknown,    open, 'Ter',88    XP: []
      De groep mensen zit in een slecht verlichte kamer
      De groep mensen zit in een kamer die slecht verlicht is
6315:     [yes], unknown,    open, 'Ter',287   XP: []
      Een gele hond loopt op witte sneeuw op een zeer zonnige dag
      Een gele hond rent op witte sneeuw op een zonnige dag
7533: [unknown], unknown,    open, 'Ter',133   XP: []
7546:     [yes], unknown,    open, 'Ter',146   XP: []
      Een jong meisje in een blauw gympak springt in de lucht
      Een jong meisje in een blauw gekleurd gympak springt in de lucht
6544:      [no], unknown,    open, 'Ter',187   XP: []
      De ijshockeykeeper draagt een gele trui en verdedigt het doel
      Er is geen hockeyer in een gele trui die het doel bewaakt
9745: [unknown], unknown,    open, 'Ter',340   XP: []
6673: [unknown], unknown,    open, 'Ter',52    XP: []
7319: [unknown], unknown,    open, 'Lim',459   XP: []
9838: [unknown], unknown,    open, 'Ter',86    XP: []
7464: [unknown], unknown,    open, 'Ter',49    XP: []
7544: [unknown], unknown,    open, 'Ter',69    XP: []
6849: [unknown], unknown,    open, 'Ter',142   XP: []
7007: [unknown], unknown,    open, 'Ter',44    XP: []
7667:      [no],      no,  closed, 'Ter',50    XP: [isa(bij@the@strand@water,water),isa(op@the@strand@man,man),isa(van@c3@rand,rand)]
8375: [unknown], unknown,    open, 'Ter',345   XP: []
7795:     [yes], unknown,    open, 'Ter',32    XP: []
      Een tennisser haalt uit naar links
      Een tennisser springt naar links
7718:      [no],      no,  closed, 'Ter',7     XP: []
7950: [unknown], unknown,    open, 'Ter',70    XP: []
8193:      [no],      no,  closed, 'Ter',6     XP: []
8558: [unknown], unknown,    open, 'Ter',118   XP: []
8714:     [yes], unknown,    open, 'Ter',16    XP: []
      Twee witte honden lopen snel samen
      Twee witte honden rennen samen
7877: [unknown], unknown,    open, 'Ter',93    XP: []
8633:     [yes], unknown,    open, 'Lim',426   XP: []
      Een man is aan het bergbeklimmen, pauzeren en het berekenen van de route
      Een man is aan het bergbeklimmen, stoppen en het berekenen van de route
7997: [unknown], unknown,    open, 'Ter',83    XP: []
8362: [unknown], unknown,    open, 'Ter',319   XP: []
8548: [unknown], unknown,      NA, 'Defected'  XP: []
8792: [unknown], unknown,    open, 'Ter',63    XP: []
8220: [unknown], unknown,    open, 'Ter',118   XP: []
8700: [unknown], unknown,    open, 'Ter',73    XP: []
9014:      [no], unknown,    open, 'Ter',99    XP: []
      Een blond kind gaat van een glijbaan af en gooit zijn armen omhoog
      Een kind met donker haar gaat op een glijbaan naar beneden en gooit zijn armen omhoog
9132:     [yes], unknown,    open, 'Ter',61    XP: []
      Een man in een trui die zwart is staat in een sportschool
      Een man in een zwarte trui staat in een sportschool
8855: [unknown], unknown,    open, 'Ter',231   XP: []
8938: [unknown], unknown,    open, 'Ter',205   XP: []
8383:     [yes], unknown,    open, 'Ter',235   XP: []
      Een meisje in het blauw glijdt van een groene glijbaan af
      Het jonge meisje in het blauw geniet van een glijbaan
9069:     [yes], unknown,    open, 'Ter',264   XP: []
      Twee jongens liggen in de oceaan dicht bij het strand
      Twee jongens liggen in het water bij het strand
7720: [unknown], unknown,    open, 'Lim',407   XP: []
7214:      [no], unknown,    open, 'Ter',544   XP: []
      Een bruine hond loopt over het erf met een stuk speelgoed in zijn bek
      Er is geen bruine hond die door de tuin rent met een stuk speelgoed in zijn mond
8576:     [yes], unknown,    open, 'Ter',265   XP: []
      Een zwarte hond en een kleine witte en zwarte hond kijken op naar een keukenaanrecht
      Een grote hond en een kleine hond staan naast het aanrecht en onderzoeken de boel
7410: [unknown], unknown,    open, 'Ter',36    XP: []
8727:     [yes], unknown,    open, 'Ter',34    XP: []
      Een groep mensen staat rond een draaitafel
      Sommige mensen kijken naar geluidsapparatuur
8963: [unknown], unknown,    open, 'Ter',29    XP: []
9102: [unknown], unknown,    open, 'Ter',81    XP: []
9211: [unknown], unknown,    open, 'Ter',124   XP: []
7889:     [yes], unknown,    open, 'Lim',450   XP: []
      Twee witte honden spelen met een bruine hond en een tennisbal
      Twee witte honden spelen met een bruine hond en een bal
8057:     [yes], unknown,    open, 'Ter',90    XP: []
      Een jong meisje draagt een blauw patroon zwempak, een zwarte en gele badmuts en heeft een blauwe zwembril op haar hoofd
      Een klein meisje draagt een blauw patroon zwempak, een zwarte en gele badmuts en heeft een blauwe zwembril op het hoofd
8263:      [no], unknown,    open, 'Ter',154   XP: []
      Sommige mensen en voertuigen zijn in een drukke straat
      Sommige mensen en voertuigen staan op een bijna lege straat
8389: [unknown], unknown,    open, 'Ter',71    XP: []
8632:      [no], unknown,    open, 'Ter',94    XP: []
      Een man is niet aan het bergbeklimmen en een stad en een baai staan op de achtergrond
      Een man is rotsklimmen en een stad en een baai staan op de achtergrond
9242: [unknown], unknown,    open, 'Lim',455   XP: []
8786:     [yes], unknown,    open, 'Ter',45    XP: []
      Een meisje springt touwtje op een stoep
      Een meisje springt touwtje in de buurt van een straat
8986:     [yes],     yes,  closed, 'Ter',2     XP: [isa(bikini,zwempak)]
9198: [unknown], unknown,    open, 'Lim',800   XP: []
9336: [unknown], unknown,    open, 'Ter',154   XP: []
9452: [unknown], unknown,    open, 'Ter',32    XP: []
9401: [unknown], unknown,    open, 'Lim',460   XP: []
9125: [unknown], unknown,    open, 'Lim',461   XP: []
9545: [unknown], unknown,    open, 'Ter',97    XP: []
9224: [unknown], unknown,    open, 'Ter',46    XP: []
9380: [unknown], unknown,      NA, 'Defected'  XP: []
9722: [unknown], unknown,    open, 'Ter',62    XP: []
9822: [unknown], unknown,    open, 'Ter',52    XP: []
9988: [unknown], unknown,    open, 'Ter',35    XP: []
9500: [unknown], unknown,    open, 'Ter',93    XP: []
9669:     [yes], unknown,    open, 'Lim',439   XP: []
      Het jonge meisje speelt op de rand van een fontein en een oudere vrouw kijkt naar haar
      Een jong meisje speelt aan de rand van een fontein en een oudere vrouw kijkt naar haar
9763: [unknown], unknown,    open, 'Ter',39    XP: []
9880: [unknown], unknown,    open, 'Ter',28    XP: []
9713:     [yes], unknown,    open, 'Ter',91    XP: []
      Een zwart-witte hond draagt een enorme stok op het groene gras
      Een zwart-witte hond met een grote tak rent in het veld
9789: [unknown], unknown,    open, 'Ter',117   XP: []
9975: [unknown], unknown,    open, 'Ter',31    XP: []
7501: [unknown], unknown,    open, 'Lim',800   XP: []
7649:      [no],      no,  closed, 'Ter',7     XP: []
7772:      [no], unknown,    open, 'Ter',111   XP: []
      Een surfer rijdt op een grote golf door donkergroen water
      De surfer rijdt op een kleine golf
7947: [unknown], unknown,    open, 'Ter',49    XP: []
8163:     [yes], unknown,    open, 'Ter',61    XP: []
      Twee mensen rijden in een jeep en een dame zit er bovenop
      Twee mensen rijden in een jeep en een meisje zit er bovenop
8343:     [yes],     yes,  closed, 'Ter',3     XP: [isa(man,persoon)]
9371: [unknown], unknown,    open, 'Lim',485   XP: []
8505: [unknown], unknown,    open, 'Lim',428   XP: []
Inconsistency in node types (entail/8)
9490:      [no], unknown,      NA, 'Defected'  XP: _3882776
      Een cluster van vier bruine honden spelen in een veld met bruin gras
      Vier honden zijn niet aan het spelen op een grasveld
8678:     [yes], unknown,    open, 'Ter',31    XP: []
      Een skateboarder springt van een schans
      Een skateboarder maakt een sprong van een schans
9706:      [no], unknown,    open, 'Ter',149   XP: []
      Een zwart-witte hond met een grote tak staat in het veld
      Een zwart-witte hond met een grote tak rent in het veld
9788: [unknown], unknown,    open, 'Ter',52    XP: []
9963: [unknown], unknown,    open, 'Ter',30    XP: []
8841: [unknown], unknown,    open, 'Ter',276   XP: []
9056: [unknown], unknown,    open, 'Lim',443   XP: []
9188: [unknown], unknown,    open, 'Ter',62    XP: []
9314: [unknown], unknown,    open, 'Ter',30    XP: []
9433:     [yes], unknown,    open, 'Ter',38    XP: []
      De zwart-witte hond loopt in een groene tuin
      Een zwart-witte hond rent naar buiten
9623: [unknown], unknown,    open, 'Ter',70    XP: []
9759: [unknown], unknown,    open, 'Ter',86    XP: []
9869: [unknown], unknown,    open, 'Ter',63    XP: []
9093: [unknown], unknown,    open, 'Lim',414   XP: []
9200: [unknown], unknown,    open, 'Ter',100   XP: []
9359:     [yes], unknown,    open, 'Ter',56    XP: []
      Een surfer surft op een grote golf
      Een surfer surft op een enorme golf
9453: [unknown], unknown,    open, 'Ter',22    XP: []
9677: [unknown], unknown,    open, 'Ter',350   XP: []
9771: [unknown], unknown,    open, 'Ter',100   XP: []
9931: [unknown], unknown,    open, 'Ter',29    XP: []
7590: [unknown], unknown,    open, 'Lim',445   XP: []
7743: [unknown], unknown,    open, 'Ter',65    XP: []
7938: [unknown], unknown,    open, 'Ter',50    XP: []
8141: [unknown], unknown,      NA, 'Defected'  XP: []
8334:     [yes],     yes,  closed, 'Ter',2     XP: [isa(man,persoon)]
8500: [unknown], unknown,    open, 'Ter',40    XP: []
8660:     [yes], unknown,    open, 'Lim',453   XP: []
      Een groep rolschaatsers staat in de rij op straat
      Een groep rolschaatsers staat in de rij op de weg
8832: [unknown], unknown,    open, 'Ter',47    XP: []
9036: [unknown], unknown,    open, 'Ter',66    XP: []
9169: [unknown],     yes,  closed, 'Ter',2     XP: [isa(stoep,weg)]
      Een kleine bruine en witte hond loopt op de stoep
      Een kleine bruine en witte hond loopt op de weg
9303:     [yes],     yes,  closed, 'Ter',1     XP: []
9425:      [no], unknown,    open, 'Lim',414   XP: []
      Geen enkele hond zit in het zand dat in de wind waait
      Een hond bevindt zich in een zanderig gebied met het zand dat in de lucht wordt geroerd en verschillende planten staan op de achtergrond
9584:     [yes],     yes,  closed, 'Ter',1     XP: [isa(dame,vrouw),isa(vrouw,dame)]
9747:     [yes], unknown,    open, 'Ter',145   XP: []
      Een kleine jongen steekt zijn tong uit voor de camera en een andere jongen kijkt toe
      Twee kinderen kijken naar de camera en één steekt zijn tong uit
9843: [unknown], unknown,    open, 'Ter',50    XP: []
------------------------------------------------------ 
 Gold\Prover       YES       NO       UNK       DEF
------------------------------------------------------ 
 ENTAILMENT:       62        0      78 (12)      4 
------------------------------------------------------ 
 CONTRADICTION:     0       41       29 (5)      4 
------------------------------------------------------ 
 NEUTRAL:           4        1     265 (22)     12 
------------------------------------------------------ 
Total #problems:  500
Accuracy (pure):  0.76000    (0.76667)
Precision:        0.95370
Recall (pure):    0.47248    (0.49048)
------------ STATS -------------
Total #clTabperPrb:            108
Total #ruleApps for clTab:     1141
Average #ruleApps for clTab:   10.56481
